<?xml version="1.0" encoding="UTF-8"?>
<testng-results ignored="0" total="1" passed="1" failed="0" skipped="0">
  <reporter-output>
  </reporter-output>
  <suite started-at="2022-10-15T22:13:15 IST" name="Suite" finished-at="2022-10-15T22:13:20 IST" duration-ms="4901">
    <groups>
    </groups>
    <test started-at="2022-10-15T22:13:15 IST" name="Test" finished-at="2022-10-15T22:13:20 IST" duration-ms="4901">
      <class name="com.seleniumframework.testcases.LoginTestCRM">
        <test-method is-config="true" signature="setUp()[pri:0, instance:com.seleniumframework.testcases.LoginTestCRM@484970b0]" started-at="2022-10-15T22:13:15 IST" name="setUp" finished-at="2022-10-15T22:13:18 IST" duration-ms="3700" status="PASS">
          <reporter-output>
          </reporter-output>
        </test-method> <!-- setUp -->
        <test-method signature="loginApp()[pri:0, instance:com.seleniumframework.testcases.LoginTestCRM@484970b0]" started-at="2022-10-15T22:13:18 IST" name="loginApp" finished-at="2022-10-15T22:13:20 IST" duration-ms="1180" status="PASS">
          <reporter-output>
          </reporter-output>
        </test-method> <!-- loginApp -->
      </class> <!-- com.seleniumframework.testcases.LoginTestCRM -->
    </test> <!-- Test -->
  </suite> <!-- Suite -->
</testng-results>
