<?xml version="1.0" encoding="UTF-8"?>
<testng-results ignored="0" total="1" passed="1" failed="0" skipped="0">
  <reporter-output>
  </reporter-output>
  <suite started-at="2022-10-15T21:58:47 IST" name="Default suite" finished-at="2022-10-15T21:58:54 IST" duration-ms="7415">
    <groups>
    </groups>
    <test started-at="2022-10-15T21:58:47 IST" name="Default test" finished-at="2022-10-15T21:58:54 IST" duration-ms="7415">
      <class name="com.seleniumframework.testcases.LoginTestCRM">
        <test-method is-config="true" signature="setUp()[pri:0, instance:com.seleniumframework.testcases.LoginTestCRM@33990a0c]" started-at="2022-10-15T21:58:47 IST" name="setUp" finished-at="2022-10-15T21:58:53 IST" duration-ms="6106" status="PASS">
          <reporter-output>
          </reporter-output>
        </test-method> <!-- setUp -->
        <test-method signature="loginApp()[pri:0, instance:com.seleniumframework.testcases.LoginTestCRM@33990a0c]" started-at="2022-10-15T21:58:53 IST" name="loginApp" finished-at="2022-10-15T21:58:54 IST" duration-ms="1280" status="PASS">
          <reporter-output>
          </reporter-output>
        </test-method> <!-- loginApp -->
      </class> <!-- com.seleniumframework.testcases.LoginTestCRM -->
    </test> <!-- Default test -->
  </suite> <!-- Default suite -->
</testng-results>
